#
# There is insufficient memory for the Java Runtime Environment to continue.
# Native memory allocation (mmap) failed to map 260046848 bytes for G1 virtual space
# Possible reasons:
#   The system is out of physical RAM or swap space
#   The process is running with CompressedOops enabled, and the Java Heap may be blocking the growth of the native heap
# Possible solutions:
#   Reduce memory load on the system
#   Increase physical memory or swap space
#   Check if swap backing store is full
#   Decrease Java heap size (-Xmx/-Xms)
#   Decrease number of Java threads
#   Decrease Java thread stack sizes (-Xss)
#   Set larger code cache with -XX:ReservedCodeCacheSize=
#   JVM is running with Zero Based Compressed Oops mode in which the Java heap is
#     placed in the first 32GB address space. The Java Heap base address is the
#     maximum limit for the native heap growth. Please use -XX:HeapBaseMinAddress
#     to set the Java Heap base and to place the Java Heap above 32GB virtual address.
# This output file may be truncated or incomplete.
#
#  Out of Memory Error (./open/src/hotspot/os/windows/os_windows.cpp:3472), pid=49084, tid=54836
#
# JRE version:  (15.0+36) (build )
# Java VM: Java HotSpot(TM) 64-Bit Server VM (15+36-1562, mixed mode, sharing, tiered, compressed oops, g1 gc, windows-amd64)
# No core dump will be written. Minidumps are not enabled by default on client versions of Windows
#

---------------  S U M M A R Y ------------

Command Line: -Dfile.encoding=UTF-8 -javaagent:C:\Program Files\JetBrains\IntelliJ IDEA Community Edition 2020.2.3\lib\idea_rt.jar=58674:C:\Program Files\JetBrains\IntelliJ IDEA Community Edition 2020.2.3\bin -Dfile.encoding=UTF-8 ru.study.java.sandbox.multithreading.TestWaitingNotify024

Host: Intel(R) Core(TM) i5-8250U CPU @ 1.60GHz, 8 cores, 15G,  Windows 10 , 64 bit Build 17134 (10.0.17134.1)
Time: Mon Mar 15 18:39:23 2021 RTZ 2 (ceia) elapsed time: 0.022690 seconds (0d 0h 0m 0s)

---------------  T H R E A D  ---------------

Current thread (0x0000021cfccd0880):  JavaThread "Unknown thread" [_thread_in_vm, id=54836, stack(0x000000bb16e00000,0x000000bb16f00000)]

Stack: [0x000000bb16e00000,0x000000bb16f00000]
Native frames: (J=compiled Java code, j=interpreted, Vv=VM code, C=native code)
V  [jvm.dll+0x629eaa]
V  [jvm.dll+0x780379]
V  [jvm.dll+0x781ad3]
V  [jvm.dll+0x782133]
V  [jvm.dll+0x2159d5]
V  [jvm.dll+0x627299]
V  [jvm.dll+0x61bdd5]
V  [jvm.dll+0x2cf96d]
V  [jvm.dll+0x2cf7d2]
V  [jvm.dll+0x2d57ac]
V  [jvm.dll+0x32523a]
V  [jvm.dll+0x324904]
V  [jvm.dll+0x2a68ea]
V  [jvm.dll+0x2a7a88]
V  [jvm.dll+0x75d0f1]
V  [jvm.dll+0x333af4]
V  [jvm.dll+0x73d816]
V  [jvm.dll+0x3b68e7]
V  [jvm.dll+0x3b8371]
C  [jli.dll+0x52fb]
C  [ucrtbase.dll+0x1c1ae]
C  [KERNEL32.DLL+0x13034]
C  [ntdll.dll+0x71551]


---------------  P R O C E S S  ---------------

Threads class SMR info:
_java_thread_list=0x00007ff9092b2fa0, length=0, elements={
}

Java Threads: ( => current thread )

Other Threads:
  0x0000021cfcd20520 GCTaskThread "GC Thread#0" [stack: 0x000000bb16f00000,0x000000bb17000000] [id=47360]
  0x0000021cfcd30d40 ConcurrentGCThread "G1 Main Marker" [stack: 0x000000bb17000000,0x000000bb17100000] [id=54252]
  0x0000021cfcd324f0 ConcurrentGCThread "G1 Conc#0" [stack: 0x000000bb17100000,0x000000bb17200000] [id=32104]

[error occurred during error reporting (printing all threads), id 0xc0000005, EXCEPTION_ACCESS_VIOLATION (0xc0000005) at pc=0x00007ff908aa77b7]

VM state: not at safepoint (not fully initialized)

VM Mutex/Monitor currently owned by a thread:  ([mutex/lock_event])
[0x0000021cfccce320] Heap_lock - owner thread: 0x0000021cfccd0880

Heap address: 0x0000000709200000, size: 3950 MB, Compressed Oops mode: Zero based, Oop shift amount: 3
CDS archive(s) mapped at: [0x0000000000000000-0x0000000000000000-0x0000000000000000), size 0, SharedBaseAddress: 0x0000000800000000, ArchiveRelocationMode: 0.
Narrow klass base: 0x0000000000000000, Narrow klass shift: 0, Narrow klass range: 0x0

Heap:
 garbage-first heap   total 253952K, used 0K [0x0000000709200000, 0x0000000800000000)
  region size 2048K, 0 young (0K), 0 survivors (0K)
 Metaspace       used 0K, capacity 0K, committed 0K, reserved 0K
  class space    used 0K, capacity 0K, committed 0K, reserved 0K

Heap Regions: E=young(eden), S=young(survivor), O=old, HS=humongous(starts), HC=humongous(continues), CS=collection set, F=free, OA=open archive, CA=closed archive, TAMS=top-at-mark-start (previous, next)

Card table byte_map: [0x0000021c983b0000,0x0000021c98b70000] _byte_map_base: 0x0000021c94b67000

Marking Bits (Prev, Next): (CMBitMap*) 0x0000021cfcd20d10, (CMBitMap*) 0x0000021cfcd20d50
 Prev Bits: [0x0000021c99330000, 0x0000021c9d0e8000)
 Next Bits: [0x0000021c9d0f0000, 0x0000021ca0ea8000)

GC Heap History (0 events):
No events

Deoptimization events (0 events):
No events

Classes unloaded (0 events):
No events

Classes redefined (0 events):
No events

Internal exceptions (0 events):
No events

Events (1 events):
Event: 0.012 Loaded shared library C:\Program Files\Java\jdk-15\bin\java.dll


Dynamic libraries:
0x00007ff76de30000 - 0x00007ff76de3f000 	C:\Program Files\Java\jdk-15\bin\java.exe
0x00007ff95d370000 - 0x00007ff95d551000 	C:\WINDOWS\SYSTEM32\ntdll.dll
0x00007ff95aa80000 - 0x00007ff95ab32000 	C:\WINDOWS\System32\KERNEL32.DLL
0x00007ff95a550000 - 0x00007ff95a7c3000 	C:\WINDOWS\System32\KERNELBASE.dll
0x00007ff959820000 - 0x00007ff95991a000 	C:\WINDOWS\System32\ucrtbase.dll
0x00007ff93e7f0000 - 0x00007ff93e809000 	C:\Program Files\Java\jdk-15\bin\VCRUNTIME140.dll
0x00007ff93f7f0000 - 0x00007ff93f808000 	C:\Program Files\Java\jdk-15\bin\jli.dll
0x00007ff95ccd0000 - 0x00007ff95cd71000 	C:\WINDOWS\System32\ADVAPI32.dll
0x00007ff95ca60000 - 0x00007ff95cafe000 	C:\WINDOWS\System32\msvcrt.dll
0x00007ff95c880000 - 0x00007ff95c8db000 	C:\WINDOWS\System32\sechost.dll
0x00007ff95b0e0000 - 0x00007ff95b204000 	C:\WINDOWS\System32\RPCRT4.dll
0x00007ff95a7d0000 - 0x00007ff95a960000 	C:\WINDOWS\System32\USER32.dll
0x00007ff949a50000 - 0x00007ff949cb9000 	C:\WINDOWS\WinSxS\amd64_microsoft.windows.common-controls_6595b64144ccf1df_6.0.17134.48_none_b4b2216a3cb4dd3e\COMCTL32.dll
0x00007ff95a1d0000 - 0x00007ff95a1f0000 	C:\WINDOWS\System32\win32u.dll
0x00007ff95ab80000 - 0x00007ff95aea3000 	C:\WINDOWS\System32\combase.dll
0x00007ff95c6b0000 - 0x00007ff95c6d8000 	C:\WINDOWS\System32\GDI32.dll
0x00007ff95a030000 - 0x00007ff95a1c2000 	C:\WINDOWS\System32\gdi32full.dll
0x00007ff95a480000 - 0x00007ff95a4fa000 	C:\WINDOWS\System32\bcryptPrimitives.dll
0x00007ff95a3e0000 - 0x00007ff95a47f000 	C:\WINDOWS\System32\msvcp_win.dll
0x00007ff947b20000 - 0x00007ff947b2a000 	C:\WINDOWS\SYSTEM32\VERSION.dll
0x00007ff95cbb0000 - 0x00007ff95cbdd000 	C:\WINDOWS\System32\IMM32.DLL
0x00007ff948d80000 - 0x00007ff948d8c000 	C:\Program Files\Java\jdk-15\bin\vcruntime140_1.dll
0x00007ff92e220000 - 0x00007ff92e2b1000 	C:\Program Files\Java\jdk-15\bin\msvcp140.dll
0x00007ff9087f0000 - 0x00007ff90934c000 	C:\Program Files\Java\jdk-15\bin\server\jvm.dll
0x00007ff95ab50000 - 0x00007ff95ab58000 	C:\WINDOWS\System32\PSAPI.DLL
0x00007ff952110000 - 0x00007ff952119000 	C:\WINDOWS\SYSTEM32\WSOCK32.dll
0x00007ff955f30000 - 0x00007ff955f53000 	C:\WINDOWS\SYSTEM32\WINMM.dll
0x00007ff95aa10000 - 0x00007ff95aa7c000 	C:\WINDOWS\System32\WS2_32.dll
0x00007ff955f00000 - 0x00007ff955f2a000 	C:\WINDOWS\SYSTEM32\winmmbase.dll
0x00007ff95a500000 - 0x00007ff95a549000 	C:\WINDOWS\System32\cfgmgr32.dll
0x00007ff9596d0000 - 0x00007ff9596e1000 	C:\WINDOWS\System32\kernel.appcore.dll
0x00007ff948140000 - 0x00007ff94814a000 	C:\Program Files\Java\jdk-15\bin\jimage.dll
0x00007ff957c70000 - 0x00007ff957e39000 	C:\WINDOWS\SYSTEM32\DBGHELP.DLL
0x00007ff9485c0000 - 0x00007ff9485e9000 	C:\WINDOWS\SYSTEM32\dbgcore.DLL
0x00007ff955af0000 - 0x00007ff955afe000 	C:\Program Files\Java\jdk-15\bin\instrument.dll
0x00007ff93e3e0000 - 0x00007ff93e405000 	C:\Program Files\Java\jdk-15\bin\java.dll

dbghelp: loaded successfully - version: 4.0.5 - missing functions: none
symbol engine: initialized successfully - sym options: 0x614 - pdb path: .;C:\Program Files\Java\jdk-15\bin;C:\WINDOWS\SYSTEM32;C:\WINDOWS\WinSxS\amd64_microsoft.windows.common-controls_6595b64144ccf1df_6.0.17134.48_none_b4b2216a3cb4dd3e;C:\Program Files\Java\jdk-15\bin\server

VM Arguments:
jvm_args: -Dfile.encoding=UTF-8 -javaagent:C:\Program Files\JetBrains\IntelliJ IDEA Community Edition 2020.2.3\lib\idea_rt.jar=58674:C:\Program Files\JetBrains\IntelliJ IDEA Community Edition 2020.2.3\bin -Dfile.encoding=UTF-8 
java_command: ru.study.java.sandbox.multithreading.TestWaitingNotify024
java_class_path (initial): C:\Users\saivanov\Downloads\GitHub\gitStudy\project\MyStudy\target\classes;C:\Users\saivanov\.m2\repository\org\jetbrains\annotations\20.1.0\annotations-20.1.0.jar
Launcher Type: SUN_STANDARD

[Global flags]
     intx CICompilerCount                          = 4                                         {product} {ergonomic}
     uint ConcGCThreads                            = 2                                         {product} {ergonomic}
     uint G1ConcRefinementThreads                  = 8                                         {product} {ergonomic}
   size_t G1HeapRegionSize                         = 2097152                                   {product} {ergonomic}
    uintx GCDrainStackTargetSize                   = 64                                        {product} {ergonomic}
   size_t InitialHeapSize                          = 260046848                                 {product} {ergonomic}
   size_t MarkStackSize                            = 4194304                                   {product} {ergonomic}
   size_t MaxHeapSize                              = 4141875200                                {product} {ergonomic}
   size_t MinHeapDeltaBytes                        = 2097152                                   {product} {ergonomic}
   size_t MinHeapSize                              = 8388608                                   {product} {ergonomic}
    uintx NonNMethodCodeHeapSize                   = 5839372                                {pd product} {ergonomic}
    uintx NonProfiledCodeHeapSize                  = 122909434                              {pd product} {ergonomic}
    uintx ProfiledCodeHeapSize                     = 122909434                              {pd product} {ergonomic}
    uintx ReservedCodeCacheSize                    = 251658240                              {pd product} {ergonomic}
     bool SegmentedCodeCache                       = true                                      {product} {ergonomic}
   size_t SoftMaxHeapSize                          = 4141875200                             {manageable} {ergonomic}
     bool UseCompressedClassPointers               = true                                 {lp64_product} {ergonomic}
     bool UseCompressedOops                        = true                                 {lp64_product} {ergonomic}
     bool UseG1GC                                  = true                                      {product} {ergonomic}
     bool UseLargePagesIndividualAllocation        = false                                  {pd product} {ergonomic}

Logging:
Log output configuration:
 #0: stdout all=warning uptime,level,tags
 #1: stderr all=off uptime,level,tags

Environment Variables:
JAVA_HOME=C:\Program Files\Java\jdk1.8.0_201
JAVA_TOOL_OPTIONS=-Dfile.encoding=UTF-8
PATH=C:\Program Files\Common Files\Oracle\Java\javapath;C:\app\saivanov\product\11.2.0\client_1\bin;C:\ProgramData\Oracle\Java\javapath;C:\WINDOWS\system32;C:\WINDOWS;C:\WINDOWS\System32\Wbem;C:\WINDOWS\System32\WindowsPowerShell\v1.0\;C:\WINDOWS\System32\OpenSSH\;C:\Program Files\TortoiseSVN\bin;C:\Program Files\Java\jdk1.8.0_201\bin;C:\Program Files\Maven\apache-maven-3.5.0\bin;C:\Program Files\Git\cmd;C:\Program Files\Git\mingw64\bin;C:\Program Files\Git\usr\bin;C:\Program Files\Docker\Docker\resources\bin;C:\ProgramData\DockerDesktop\version-bin;C:\Users\saivanov\AppData\Local\Microsoft\WindowsApps;C:\Users\saivanov\AppData\Local\GitHubDesktop\bin
USERNAME=saivanov
OS=Windows_NT
PROCESSOR_IDENTIFIER=Intel64 Family 6 Model 142 Stepping 10, GenuineIntel



---------------  S Y S T E M  ---------------

OS:
 Windows 10 , 64 bit Build 17134 (10.0.17134.1)
OS uptime: 2 days 2:12 hours
HyperV virtualization detected

CPU: total 8 (initial active 8) (4 cores per cpu, 2 threads per core) family 6 model 142 stepping 10, cmov, cx8, fxsr, mmx, sse, sse2, sse3, ssse3, sse4.1, sse4.2, popcnt, vzeroupper, avx, avx2, aes, clmul, erms, 3dnowpref, lzcnt, ht, tsc, tscinvbit, bmi1, bmi2, adx, fma, clflush, clflushopt

Memory: 4k page, system-wide physical 15799M (4311M free)
TotalPageFile size 17847M (AvailPageFile size 170M)
current process WorkingSet (physical memory assigned to process): 10M, peak: 10M
current process commit charge ("private bytes"): 60M, peak: 308M

vm_info: Java HotSpot(TM) 64-Bit Server VM (15+36-1562) for windows-amd64 JRE (15+36-1562), built on Aug 11 2020 22:38:02 by "mach5one" with unknown MS VC++:1925

END.
